  [1m[35m (484.9ms)[0m  [1m[35mCREATE DATABASE "mimirgettingmarried_development" ENCODING = 'unicode'[0m
  ↳ bin/rails:9
  [1m[35m (216.6ms)[0m  [1m[35mCREATE DATABASE "mimirgettingmarried_test" ENCODING = 'unicode'[0m
  ↳ bin/rails:9
Started GET "/" for ::1 at 2021-06-25 08:54:10 -0400
Processing by Rails::WelcomeController#index as HTML
  Rendering /Users/michelleroos/.rbenv/versions/2.5.3/lib/ruby/gems/2.5.0/gems/railties-5.2.6/lib/rails/templates/rails/welcome/index.html.erb
  Rendered /Users/michelleroos/.rbenv/versions/2.5.3/lib/ruby/gems/2.5.0/gems/railties-5.2.6/lib/rails/templates/rails/welcome/index.html.erb (6.5ms)
Completed 200 OK in 64ms (Views: 58.5ms | ActiveRecord: 0.0ms)


Started GET "/" for ::1 at 2021-06-25 14:36:07 -0400
Processing by StaticPagesController#root as HTML
  Rendering static_pages/root.html.erb within layouts/application
  Rendered static_pages/root.html.erb within layouts/application (0.7ms)
Completed 200 OK in 4079ms (Views: 4071.4ms | ActiveRecord: 0.0ms)


Started GET "/" for ::1 at 2021-06-25 14:38:57 -0400
Processing by StaticPagesController#root as HTML
  Rendering static_pages/root.html.erb within layouts/application
  Rendered static_pages/root.html.erb within layouts/application (0.9ms)
Completed 200 OK in 74ms (Views: 65.8ms | ActiveRecord: 0.0ms)


Started GET "/" for ::1 at 2021-06-25 14:39:00 -0400
Processing by StaticPagesController#root as HTML
  Rendering static_pages/root.html.erb within layouts/application
  Rendered static_pages/root.html.erb within layouts/application (2.5ms)
Completed 200 OK in 44ms (Views: 41.0ms | ActiveRecord: 0.0ms)


Started GET "/" for ::1 at 2021-06-25 14:39:38 -0400
Processing by StaticPagesController#root as HTML
  Rendering static_pages/root.html.erb within layouts/application
  Rendered static_pages/root.html.erb within layouts/application (0.5ms)
Completed 200 OK in 60ms (Views: 55.7ms | ActiveRecord: 0.0ms)


Started GET "/" for ::1 at 2021-06-25 14:41:30 -0400
Processing by StaticPagesController#root as HTML
  Rendering static_pages/root.html.erb within layouts/application
  Rendered static_pages/root.html.erb within layouts/application (0.7ms)
Completed 200 OK in 63ms (Views: 58.4ms | ActiveRecord: 0.0ms)


Started GET "/" for ::1 at 2021-06-25 14:41:33 -0400
Processing by StaticPagesController#root as HTML
  Rendering static_pages/root.html.erb within layouts/application
  Rendered static_pages/root.html.erb within layouts/application (1.8ms)
Completed 200 OK in 49ms (Views: 43.8ms | ActiveRecord: 0.0ms)


Started GET "/" for ::1 at 2021-06-25 14:42:38 -0400
Processing by StaticPagesController#root as HTML
  Rendering static_pages/root.html.erb within layouts/application
  Rendered static_pages/root.html.erb within layouts/application (0.3ms)
Completed 200 OK in 50ms (Views: 44.4ms | ActiveRecord: 0.0ms)


Started GET "/" for ::1 at 2021-06-25 14:43:25 -0400
Processing by StaticPagesController#root as HTML
  Rendering static_pages/root.html.erb within layouts/application
  Rendered static_pages/root.html.erb within layouts/application (0.4ms)
Completed 200 OK in 62ms (Views: 56.2ms | ActiveRecord: 0.0ms)


Started GET "/" for ::1 at 2021-06-25 15:01:03 -0400
Processing by StaticPagesController#root as HTML
  Rendering static_pages/root.html.erb within layouts/application
  Rendered static_pages/root.html.erb within layouts/application (0.9ms)
Completed 200 OK in 80ms (Views: 76.1ms | ActiveRecord: 0.0ms)


Started GET "/" for ::1 at 2021-06-25 15:08:32 -0400
Processing by StaticPagesController#root as HTML
  Rendering static_pages/root.html.erb within layouts/application
  Rendered static_pages/root.html.erb within layouts/application (1.0ms)
Completed 200 OK in 621ms (Views: 616.3ms | ActiveRecord: 0.0ms)


